[2022-09-15 15:54:44,773] [INFO] - studio.logger(common_log:178) - 启动机器人 3.0.0
[2022-09-15 15:54:44,778] [INFO] - studio.logger(common_log:178) - 开始执行[脚本] [example4_4_16]
[2022-09-15 15:54:44,824] [INFO] - com.huawei.antrobot.utils.communication.communication(is_available_service:67) - test service: password******ully
[2022-09-15 15:54:44,824] [INFO] - worker.robot.robot(__set_service_running:157) - service started for password******encrypt******decrypt******
[2022-09-15 15:54:45,035] [INFO] - com.huawei.antrobot.parser.input_parser.input_parser(get_input_variables_or_excel_data:67) - run with variables.json file
[2022-09-15 15:54:45,036] [INFO] - com.huawei.antrobot.parser.input_parser.input_parser(parse_parameters_json:123) - run with parameters.json file
[2022-09-15 15:54:45,037] [INFO] - com.huawei.antrobot.framework.decryption.password_util.password_util(parse_json_file:48) - begin to parse parameters.json file
[2022-09-15 15:54:45,037] [INFO] - com.huawei.antrobot.framework.decryption.password_util.password_util(parse_decrypt_json_data_to_list:66) - begin to parse parameters.json data to context
[2022-09-15 15:54:45,041] [INFO] - worker.robot.robot(run:123) - run robot with variables.json or excel data
[2022-09-15 15:54:45,041] [INFO] - com.huawei.antrobot.parser.xml2model.xml2model(parse:109) - Begin parse xml file
[2022-09-15 15:54:45,078] [INFO] - com.huawei.antrobot.logging.log_output.log_output(log_output_start_end:150) - start running logic: robot line:0 [None] in playbackScript.xml
[2022-09-15 15:54:45,166] [INFO] - studio.logger(common_log:178) - 开始执行[语句块] [playbackScript.xml 第4行] 遍历/计次循环 [None]
[2022-09-15 15:54:45,166] [INFO] - com.huawei.antrobot.logging.log_output.log_output(log_output_start_end:150) - start running logic: for line:4 [None] in playbackScript.xml
[2022-09-15 15:54:45,167] [INFO] - com.huawei.antrobot.logging.log_output.log_output(log_output_start_end:150) - start running action: messageBox line:5 [消息窗口] in playbackScript.xml
[2022-09-15 15:54:46,916] [INFO] - com.huawei.antrobot.logging.log_output.log_output(log_output_start_end:150) - end running action: messageBox line:5 [消息窗口] in playbackScript.xml with result:True
[2022-09-15 15:54:46,917] [INFO] - studio.logger(common_log:178) - 完成执行[原子命令] [playbackScript.xml 第5行] 消息窗口 [消息窗口] [OK]
[2022-09-15 15:54:46,917] [INFO] - com.huawei.antrobot.logging.log_output.log_output(log_output_start_end:150) - start running action: messageBox line:5 [消息窗口] in playbackScript.xml
[2022-09-15 15:54:47,340] [INFO] - com.huawei.antrobot.logging.log_output.log_output(log_output_start_end:150) - end running action: messageBox line:5 [消息窗口] in playbackScript.xml with result:True
[2022-09-15 15:54:47,342] [INFO] - studio.logger(common_log:178) - 完成执行[原子命令] [playbackScript.xml 第5行] 消息窗口 [消息窗口] [OK]
[2022-09-15 15:54:47,343] [INFO] - com.huawei.antrobot.logging.log_output.log_output(log_output_start_end:150) - start running action: messageBox line:5 [消息窗口] in playbackScript.xml
[2022-09-15 15:54:47,665] [INFO] - com.huawei.antrobot.logging.log_output.log_output(log_output_start_end:150) - end running action: messageBox line:5 [消息窗口] in playbackScript.xml with result:True
[2022-09-15 15:54:47,666] [INFO] - studio.logger(common_log:178) - 完成执行[原子命令] [playbackScript.xml 第5行] 消息窗口 [消息窗口] [OK]
[2022-09-15 15:54:47,667] [INFO] - com.huawei.antrobot.logging.log_output.log_output(log_output_start_end:150) - start running action: messageBox line:5 [消息窗口] in playbackScript.xml
[2022-09-15 15:54:47,881] [INFO] - com.huawei.antrobot.logging.log_output.log_output(log_output_start_end:150) - end running action: messageBox line:5 [消息窗口] in playbackScript.xml with result:True
[2022-09-15 15:54:47,883] [INFO] - studio.logger(common_log:178) - 完成执行[原子命令] [playbackScript.xml 第5行] 消息窗口 [消息窗口] [OK]
[2022-09-15 15:54:47,885] [INFO] - com.huawei.antrobot.logging.log_output.log_output(log_output_start_end:150) - start running action: messageBox line:5 [消息窗口] in playbackScript.xml
[2022-09-15 15:54:48,121] [INFO] - com.huawei.antrobot.logging.log_output.log_output(log_output_start_end:150) - end running action: messageBox line:5 [消息窗口] in playbackScript.xml with result:True
[2022-09-15 15:54:48,124] [INFO] - studio.logger(common_log:178) - 完成执行[原子命令] [playbackScript.xml 第5行] 消息窗口 [消息窗口] [OK]
[2022-09-15 15:54:48,127] [INFO] - com.huawei.antrobot.logging.log_output.log_output(log_output_start_end:150) - start running action: messageBox line:5 [消息窗口] in playbackScript.xml
[2022-09-15 15:54:48,512] [INFO] - com.huawei.antrobot.logging.log_output.log_output(log_output_start_end:150) - end running action: messageBox line:5 [消息窗口] in playbackScript.xml with result:True
[2022-09-15 15:54:48,513] [INFO] - studio.logger(common_log:178) - 完成执行[原子命令] [playbackScript.xml 第5行] 消息窗口 [消息窗口] [OK]
[2022-09-15 15:54:48,514] [INFO] - com.huawei.antrobot.logging.log_output.log_output(log_output_start_end:150) - end running logic: for line:4 [None] in playbackScript.xml with result:True
[2022-09-15 15:54:48,515] [INFO] - studio.logger(common_log:178) - 完成执行[语句块] [playbackScript.xml 第4行] 遍历/计次循环 [None] [OK]
[2022-09-15 15:54:48,516] [INFO] - com.huawei.antrobot.logging.log_output.log_output(log_output_start_end:150) - end running logic: robot line:0 [None] in playbackScript.xml with result:True
[2022-09-15 15:54:48,516] [INFO] - studio.logger(common_log:178) - 完成执行[脚本] [example4_4_16] [OK]
[2022-09-15 15:54:48,540] [INFO] - studio.logger(common_log:178) - 结束机器人
[2022-09-15 15:54:48,540] [INFO] - __main__.antrobot(<module>:118) - robot finished
