[2022-09-12 19:57:03]启动机器人 3.0.0
[2022-09-12 19:57:03]开始执行[脚本] [example3_getPhonePrice]
[OK][2022-09-12 19:57:06]完成执行[原子命令] [playbackScript.xml 第4行] 打开网页 [None] [OK]
[OK][2022-09-12 19:57:07]完成执行[原子命令] [playbackScript.xml 第13行] 鼠标单击网页元素 [Mate系列] [OK]
[OK][2022-09-12 19:57:07]完成执行[原子命令] [playbackScript.xml 第25行] 在网页中输入文本 [在网页中输入文本] [OK]
[OK][2022-09-12 19:57:07]完成执行[原子命令] [playbackScript.xml 第37行] 鼠标单击网页元素 [鼠标单击网页元素] [OK]
[OK][2022-09-12 19:57:08]完成执行[原子命令] [playbackScript.xml 第48行] 鼠标移动到某元素 [鼠标移动到某元素] [OK]
[OK][2022-09-12 19:57:08]完成执行[原子命令] [playbackScript.xml 第59行] 鼠标单击网页元素 [鼠标单击网页元素] [OK]
[OK][2022-09-12 19:57:11]完成执行[原子命令] [playbackScript.xml 第70行] 鼠标移动到某元素 [鼠标移动到某元素] [OK]
[OK][2022-09-12 19:57:11]完成执行[原子命令] [playbackScript.xml 第81行] 鼠标单击网页元素 [鼠标单击网页元素] [OK]
[OK][2022-09-12 19:57:25]完成执行[原子命令] [playbackScript.xml 第92行] 操作浏览器弹框 [操作浏览器弹框] [OK]
[OK][2022-09-12 19:57:28]完成执行[原子命令] [playbackScript.xml 第103行] 消息窗口 [消息窗口] [OK]
[OK][2022-09-12 19:58:05]完成执行[原子命令] [playbackScript.xml 第109行] 网页数据拾取 [网页数据拾取] [OK]
[OK][2022-09-12 19:58:54]完成执行[原子命令] [playbackScript.xml 第124行] 消息窗口 [消息窗口] [OK]
[OK][2022-09-12 19:58:54]完成执行[原子命令] [playbackScript.xml 第130行] 获取网页文本 [获取网页文本] [OK]
[OK][2022-09-12 19:59:17]完成执行[原子命令] [playbackScript.xml 第140行] 打开excel文件 [打开excel文件] [OK]
[OK][2022-09-12 19:59:31]完成执行[原子命令] [playbackScript.xml 第149行] 写入单元格 [写入单元格] [OK]
[OK][2022-09-12 19:59:31]完成执行[原子命令] [playbackScript.xml 第156行] 保存工作簿 [保存工作簿] [OK]
[OK][2022-09-12 19:59:31]完成执行[原子命令] [playbackScript.xml 第160行] 关闭工作簿 [关闭工作簿] [OK]
[NOK][2022-09-12 20:00:02]完成执行[原子命令] [playbackScript.xml 第166行] 退出浏览器 [退出浏览器] [NOK] [RobotWebPluginError] [系统执行错误: web插件执行失败，报错详情：The page was not found. Please check whether the title or url is correct.]
[2022-09-12 20:00:02]完成执行[脚本] [example3_getPhonePrice] [NOK] [RobotWebPluginError] [系统执行错误: web插件执行失败，报错详情：The page was not found. Please check whether the title or url is correct.]
[2022-09-12 20:00:02]结束机器人
