[2022-09-12 20:32:52]启动机器人 3.0.0
[2022-09-12 20:32:52]开始执行[脚本] [stu_2_demo]
[2022-09-12 20:32:53]开始执行[子脚本] [playbackScript.xml 第4行] 调用子脚本 (subscript01_openWeb.xml) [调用子脚本]
[OK][2022-09-12 20:33:06]完成执行[原子命令] [subscript01_openWeb.xml 第4行] 打开网页 [None] [OK]
[OK][2022-09-12 20:33:08]完成执行[原子命令] [subscript01_openWeb.xml 第13行] 鼠标单击网页元素 [Mate系列] [OK]
[OK][2022-09-12 20:33:08]完成执行[原子命令] [subscript01_openWeb.xml 第25行] 在网页中输入文本 [在网页中输入文本] [OK]
[OK][2022-09-12 20:33:08]完成执行[原子命令] [subscript01_openWeb.xml 第37行] 鼠标单击网页元素 [鼠标单击网页元素] [OK]
[OK][2022-09-12 20:33:09]完成执行[原子命令] [subscript01_openWeb.xml 第48行] 鼠标移动到某元素 [鼠标移动到某元素] [OK]
[OK][2022-09-12 20:33:09]完成执行[原子命令] [subscript01_openWeb.xml 第59行] 鼠标单击网页元素 [鼠标单击网页元素] [OK]
[OK][2022-09-12 20:33:12]完成执行[原子命令] [subscript01_openWeb.xml 第70行] 鼠标移动到某元素 [鼠标移动到某元素] [OK]
[OK][2022-09-12 20:33:12]完成执行[原子命令] [subscript01_openWeb.xml 第81行] 鼠标单击网页元素 [鼠标单击网页元素] [OK]
[OK][2022-09-12 20:33:21]完成执行[原子命令] [subscript01_openWeb.xml 第92行] 操作浏览器弹框 [操作浏览器弹框] [OK]
[OK][2022-09-12 20:33:24]完成执行[原子命令] [subscript01_openWeb.xml 第103行] 消息窗口 [消息窗口] [OK]
[OK][2022-09-12 20:33:24]完成执行[子脚本] [playbackScript.xml 第4行] 调用子脚本 (subscript01_openWeb.xml) [调用子脚本] [OK]
[2022-09-12 20:33:24]开始执行[语句块] [playbackScript.xml 第5行] 功能块 (名称: block) [功能块]
[OK][2022-09-12 20:33:24]完成执行[原子命令] [playbackScript.xml 第6行] 网页数据拾取 [网页数据拾取] [OK]
[OK][2022-09-12 20:33:27]完成执行[原子命令] [playbackScript.xml 第21行] 消息窗口 [消息窗口] [OK]
[OK][2022-09-12 20:33:27]完成执行[语句块] [playbackScript.xml 第5行] 功能块 (名称: block) [功能块] [OK]
[2022-09-12 20:33:27]完成执行[脚本] [stu_2_demo] [OK]
[2022-09-12 20:33:27]结束机器人
