[2022-09-12 20:24:33]启动机器人 3.0.0
[2022-09-12 20:24:33]开始执行[脚本] [example3_getPhonePrice]
[2022-09-12 20:24:34]开始执行[子脚本] [playbackScript.xml 第4行] 调用子脚本 (subscript01_openWeb.xml) [调用子脚本]
[OK][2022-09-12 20:24:35]完成执行[原子命令] [subscript01_openWeb.xml 第4行] 打开网页 [None] [OK]
[OK][2022-09-12 20:24:37]完成执行[原子命令] [subscript01_openWeb.xml 第13行] 鼠标单击网页元素 [Mate系列] [OK]
[OK][2022-09-12 20:24:37]完成执行[原子命令] [subscript01_openWeb.xml 第25行] 在网页中输入文本 [在网页中输入文本] [OK]
[OK][2022-09-12 20:24:37]完成执行[原子命令] [subscript01_openWeb.xml 第37行] 鼠标单击网页元素 [鼠标单击网页元素] [OK]
[OK][2022-09-12 20:24:37]完成执行[原子命令] [subscript01_openWeb.xml 第48行] 鼠标移动到某元素 [鼠标移动到某元素] [OK]
[OK][2022-09-12 20:24:37]完成执行[原子命令] [subscript01_openWeb.xml 第59行] 鼠标单击网页元素 [鼠标单击网页元素] [OK]
[OK][2022-09-12 20:24:41]完成执行[原子命令] [subscript01_openWeb.xml 第70行] 鼠标移动到某元素 [鼠标移动到某元素] [OK]
[OK][2022-09-12 20:24:41]完成执行[原子命令] [subscript01_openWeb.xml 第81行] 鼠标单击网页元素 [鼠标单击网页元素] [OK]
[OK][2022-09-12 20:24:53]完成执行[原子命令] [subscript01_openWeb.xml 第92行] 操作浏览器弹框 [操作浏览器弹框] [OK]
[OK][2022-09-12 20:26:46]完成执行[原子命令] [subscript01_openWeb.xml 第103行] 消息窗口 [消息窗口] [OK]
[OK][2022-09-12 20:26:46]完成执行[子脚本] [playbackScript.xml 第4行] 调用子脚本 (subscript01_openWeb.xml) [调用子脚本] [OK]
[2022-09-12 20:26:46]开始执行[语句块] [playbackScript.xml 第5行] 功能块 (名称: block) [功能块]
[OK][2022-09-12 20:26:48]完成执行[原子命令] [playbackScript.xml 第6行] 网页数据拾取 [网页数据拾取] [OK]
[OK][2022-09-12 20:26:51]完成执行[原子命令] [playbackScript.xml 第21行] 消息窗口 [消息窗口] [OK]
[OK][2022-09-12 20:26:51]完成执行[语句块] [playbackScript.xml 第5行] 功能块 (名称: block) [功能块] [OK]
[2022-09-12 20:26:51]完成执行[脚本] [example3_getPhonePrice] [OK]
[2022-09-12 20:26:51]结束机器人
