[2022-09-15 16:09:30,169] [INFO] - studio.logger(common_log:178) - 启动机器人 3.0.0
[2022-09-15 16:09:30,174] [INFO] - studio.logger(common_log:178) - 开始执行[脚本] [example4_5_4]
[2022-09-15 16:09:30,219] [INFO] - com.huawei.antrobot.utils.communication.communication(is_available_service:67) - test service: password******ully
[2022-09-15 16:09:30,220] [INFO] - worker.robot.robot(__set_service_running:157) - service started for password******encrypt******decrypt******
[2022-09-15 16:09:30,432] [INFO] - com.huawei.antrobot.parser.input_parser.input_parser(get_input_variables_or_excel_data:67) - run with variables.json file
[2022-09-15 16:09:30,434] [INFO] - com.huawei.antrobot.parser.input_parser.input_parser(parse_parameters_json:123) - run with parameters.json file
[2022-09-15 16:09:30,434] [INFO] - com.huawei.antrobot.framework.decryption.password_util.password_util(parse_json_file:48) - begin to parse parameters.json file
[2022-09-15 16:09:30,435] [INFO] - com.huawei.antrobot.framework.decryption.password_util.password_util(parse_decrypt_json_data_to_list:66) - begin to parse parameters.json data to context
[2022-09-15 16:09:30,437] [INFO] - worker.robot.robot(run:123) - run robot with variables.json or excel data
[2022-09-15 16:09:30,438] [INFO] - com.huawei.antrobot.parser.xml2model.xml2model(parse:109) - Begin parse xml file
[2022-09-15 16:09:30,476] [INFO] - com.huawei.antrobot.logging.log_output.log_output(log_output_start_end:150) - start running logic: robot line:0 [None] in playbackScript.xml
[2022-09-15 16:09:30,554] [INFO] - studio.logger(common_log:178) - 开始执行[语句块] [playbackScript.xml 第4行] 遍历/计次循环 [None]
[2022-09-15 16:09:30,555] [INFO] - com.huawei.antrobot.logging.log_output.log_output(log_output_start_end:150) - start running logic: for line:4 [None] in playbackScript.xml
[2022-09-15 16:09:30,556] [INFO] - com.huawei.antrobot.logging.log_output.log_output(log_output_start_end:150) - start running action: messageBox line:5 [消息窗口] in playbackScript.xml
[2022-09-15 16:09:32,212] [INFO] - com.huawei.antrobot.logging.log_output.log_output(log_output_start_end:150) - end running action: messageBox line:5 [消息窗口] in playbackScript.xml with result:True
[2022-09-15 16:09:32,213] [INFO] - studio.logger(common_log:178) - 完成执行[原子命令] [playbackScript.xml 第5行] 消息窗口 [消息窗口] [OK]
[2022-09-15 16:09:32,214] [INFO] - com.huawei.antrobot.logging.log_output.log_output(log_output_start_end:150) - start running action: messageBox line:5 [消息窗口] in playbackScript.xml
[2022-09-15 16:09:32,817] [INFO] - com.huawei.antrobot.logging.log_output.log_output(log_output_start_end:150) - end running action: messageBox line:5 [消息窗口] in playbackScript.xml with result:True
[2022-09-15 16:09:32,818] [INFO] - studio.logger(common_log:178) - 完成执行[原子命令] [playbackScript.xml 第5行] 消息窗口 [消息窗口] [OK]
[2022-09-15 16:09:32,819] [INFO] - com.huawei.antrobot.logging.log_output.log_output(log_output_start_end:150) - start running action: messageBox line:5 [消息窗口] in playbackScript.xml
[2022-09-15 16:09:33,261] [INFO] - com.huawei.antrobot.logging.log_output.log_output(log_output_start_end:150) - end running action: messageBox line:5 [消息窗口] in playbackScript.xml with result:True
[2022-09-15 16:09:33,262] [INFO] - studio.logger(common_log:178) - 完成执行[原子命令] [playbackScript.xml 第5行] 消息窗口 [消息窗口] [OK]
[2022-09-15 16:09:33,263] [INFO] - com.huawei.antrobot.logging.log_output.log_output(log_output_start_end:150) - end running logic: for line:4 [None] in playbackScript.xml with result:True
[2022-09-15 16:09:33,264] [INFO] - studio.logger(common_log:178) - 完成执行[语句块] [playbackScript.xml 第4行] 遍历/计次循环 [None] [OK]
[2022-09-15 16:09:33,264] [INFO] - com.huawei.antrobot.logging.log_output.log_output(log_output_start_end:150) - start running action: messageBox line:12 [消息窗口] in playbackScript.xml
[2022-09-15 16:09:33,598] [INFO] - com.huawei.antrobot.logging.log_output.log_output(log_output_start_end:150) - end running action: messageBox line:12 [消息窗口] in playbackScript.xml with result:True
[2022-09-15 16:09:33,599] [INFO] - studio.logger(common_log:178) - 完成执行[原子命令] [playbackScript.xml 第12行] 消息窗口 [消息窗口] [OK]
[2022-09-15 16:09:33,600] [INFO] - com.huawei.antrobot.logging.log_output.log_output(log_output_start_end:150) - end running logic: robot line:0 [None] in playbackScript.xml with result:True
[2022-09-15 16:09:33,601] [INFO] - studio.logger(common_log:178) - 完成执行[脚本] [example4_5_4] [OK]
[2022-09-15 16:09:33,629] [INFO] - studio.logger(common_log:178) - 结束机器人
[2022-09-15 16:09:33,630] [INFO] - __main__.antrobot(<module>:118) - robot finished
