[2022-09-15 16:14:20,664] [INFO] - studio.logger(common_log:178) - 启动机器人 3.0.0
[2022-09-15 16:14:20,670] [INFO] - studio.logger(common_log:178) - 开始执行[脚本] [example4_5_2]
[2022-09-15 16:14:20,729] [INFO] - com.huawei.antrobot.utils.communication.communication(is_available_service:67) - test service: password******ully
[2022-09-15 16:14:20,729] [INFO] - worker.robot.robot(__set_service_running:157) - service started for password******encrypt******decrypt******
[2022-09-15 16:14:20,970] [INFO] - com.huawei.antrobot.parser.input_parser.input_parser(get_input_variables_or_excel_data:67) - run with variables.json file
[2022-09-15 16:14:20,971] [INFO] - com.huawei.antrobot.parser.input_parser.input_parser(parse_parameters_json:123) - run with parameters.json file
[2022-09-15 16:14:20,972] [INFO] - com.huawei.antrobot.framework.decryption.password_util.password_util(parse_json_file:48) - begin to parse parameters.json file
[2022-09-15 16:14:20,973] [INFO] - com.huawei.antrobot.framework.decryption.password_util.password_util(parse_decrypt_json_data_to_list:66) - begin to parse parameters.json data to context
[2022-09-15 16:14:20,977] [INFO] - worker.robot.robot(run:123) - run robot with variables.json or excel data
[2022-09-15 16:14:20,978] [INFO] - com.huawei.antrobot.parser.xml2model.xml2model(parse:109) - Begin parse xml file
[2022-09-15 16:14:21,022] [INFO] - com.huawei.antrobot.logging.log_output.log_output(log_output_start_end:150) - start running logic: robot line:0 [None] in playbackScript.xml
[2022-09-15 16:14:21,141] [INFO] - studio.logger(common_log:178) - 开始执行[语句块] [playbackScript.xml 第4行] While条件循环 [None]
[2022-09-15 16:14:21,142] [INFO] - com.huawei.antrobot.logging.log_output.log_output(log_output_start_end:150) - start running logic: while line:4 [None] in playbackScript.xml
[2022-09-15 16:14:21,143] [INFO] - com.huawei.antrobot.logging.log_output.log_output(log_output_start_end:150) - start running action: messageBox line:5 [消息窗口] in playbackScript.xml
[2022-09-15 16:14:24,887] [INFO] - com.huawei.antrobot.logging.log_output.log_output(log_output_start_end:150) - end running action: messageBox line:5 [消息窗口] in playbackScript.xml with result:True
[2022-09-15 16:14:24,888] [INFO] - studio.logger(common_log:178) - 完成执行[原子命令] [playbackScript.xml 第5行] 消息窗口 [消息窗口] [OK]
[2022-09-15 16:14:24,889] [INFO] - com.huawei.antrobot.logging.log_output.log_output(log_output_start_end:150) - start running action: eval line:11 [运行python表达式] in playbackScript.xml
[2022-09-15 16:14:24,901] [INFO] - com.huawei.antrobot.logging.log_output.log_output(log_output_start_end:150) - end running action: eval line:11 [运行python表达式] in playbackScript.xml with result:True
[2022-09-15 16:14:24,902] [INFO] - studio.logger(common_log:178) - 完成执行[原子命令] [playbackScript.xml 第11行] 运行python表达式 [运行python表达式] [OK]
[2022-09-15 16:14:24,903] [INFO] - com.huawei.antrobot.logging.log_output.log_output(log_output_start_end:150) - start running action: messageBox line:5 [消息窗口] in playbackScript.xml
[2022-09-15 16:14:25,407] [INFO] - com.huawei.antrobot.logging.log_output.log_output(log_output_start_end:150) - end running action: messageBox line:5 [消息窗口] in playbackScript.xml with result:True
[2022-09-15 16:14:25,408] [INFO] - studio.logger(common_log:178) - 完成执行[原子命令] [playbackScript.xml 第5行] 消息窗口 [消息窗口] [OK]
[2022-09-15 16:14:25,410] [INFO] - com.huawei.antrobot.logging.log_output.log_output(log_output_start_end:150) - start running action: eval line:11 [运行python表达式] in playbackScript.xml
[2022-09-15 16:14:25,418] [INFO] - com.huawei.antrobot.logging.log_output.log_output(log_output_start_end:150) - end running action: eval line:11 [运行python表达式] in playbackScript.xml with result:True
[2022-09-15 16:14:25,419] [INFO] - studio.logger(common_log:178) - 完成执行[原子命令] [playbackScript.xml 第11行] 运行python表达式 [运行python表达式] [OK]
[2022-09-15 16:14:25,420] [INFO] - com.huawei.antrobot.logging.log_output.log_output(log_output_start_end:150) - start running action: messageBox line:5 [消息窗口] in playbackScript.xml
[2022-09-15 16:14:25,832] [INFO] - com.huawei.antrobot.logging.log_output.log_output(log_output_start_end:150) - end running action: messageBox line:5 [消息窗口] in playbackScript.xml with result:True
[2022-09-15 16:14:25,833] [INFO] - studio.logger(common_log:178) - 完成执行[原子命令] [playbackScript.xml 第5行] 消息窗口 [消息窗口] [OK]
[2022-09-15 16:14:25,834] [INFO] - com.huawei.antrobot.logging.log_output.log_output(log_output_start_end:150) - start running action: eval line:11 [运行python表达式] in playbackScript.xml
[2022-09-15 16:14:25,842] [INFO] - com.huawei.antrobot.logging.log_output.log_output(log_output_start_end:150) - end running action: eval line:11 [运行python表达式] in playbackScript.xml with result:True
[2022-09-15 16:14:25,844] [INFO] - studio.logger(common_log:178) - 完成执行[原子命令] [playbackScript.xml 第11行] 运行python表达式 [运行python表达式] [OK]
[2022-09-15 16:14:25,845] [INFO] - com.huawei.antrobot.logging.log_output.log_output(log_output_start_end:150) - start running action: messageBox line:5 [消息窗口] in playbackScript.xml
[2022-09-15 16:14:26,275] [INFO] - com.huawei.antrobot.logging.log_output.log_output(log_output_start_end:150) - end running action: messageBox line:5 [消息窗口] in playbackScript.xml with result:True
[2022-09-15 16:14:26,277] [INFO] - studio.logger(common_log:178) - 完成执行[原子命令] [playbackScript.xml 第5行] 消息窗口 [消息窗口] [OK]
[2022-09-15 16:14:26,278] [INFO] - com.huawei.antrobot.logging.log_output.log_output(log_output_start_end:150) - start running action: eval line:11 [运行python表达式] in playbackScript.xml
[2022-09-15 16:14:26,285] [INFO] - com.huawei.antrobot.logging.log_output.log_output(log_output_start_end:150) - end running action: eval line:11 [运行python表达式] in playbackScript.xml with result:True
[2022-09-15 16:14:26,286] [INFO] - studio.logger(common_log:178) - 完成执行[原子命令] [playbackScript.xml 第11行] 运行python表达式 [运行python表达式] [OK]
[2022-09-15 16:14:26,287] [INFO] - com.huawei.antrobot.logging.log_output.log_output(log_output_start_end:150) - start running action: messageBox line:5 [消息窗口] in playbackScript.xml
[2022-09-15 16:14:26,733] [INFO] - com.huawei.antrobot.logging.log_output.log_output(log_output_start_end:150) - end running action: messageBox line:5 [消息窗口] in playbackScript.xml with result:True
[2022-09-15 16:14:26,734] [INFO] - studio.logger(common_log:178) - 完成执行[原子命令] [playbackScript.xml 第5行] 消息窗口 [消息窗口] [OK]
[2022-09-15 16:14:26,735] [INFO] - com.huawei.antrobot.logging.log_output.log_output(log_output_start_end:150) - start running action: eval line:11 [运行python表达式] in playbackScript.xml
[2022-09-15 16:14:26,744] [INFO] - com.huawei.antrobot.logging.log_output.log_output(log_output_start_end:150) - end running action: eval line:11 [运行python表达式] in playbackScript.xml with result:True
[2022-09-15 16:14:26,745] [INFO] - studio.logger(common_log:178) - 完成执行[原子命令] [playbackScript.xml 第11行] 运行python表达式 [运行python表达式] [OK]
[2022-09-15 16:14:26,746] [INFO] - com.huawei.antrobot.logging.log_output.log_output(log_output_start_end:150) - end running logic: while line:4 [None] in playbackScript.xml with result:True
[2022-09-15 16:14:26,746] [INFO] - studio.logger(common_log:178) - 完成执行[语句块] [playbackScript.xml 第4行] While条件循环 [None] [OK]
[2022-09-15 16:14:26,747] [INFO] - com.huawei.antrobot.logging.log_output.log_output(log_output_start_end:150) - end running logic: robot line:0 [None] in playbackScript.xml with result:True
[2022-09-15 16:14:26,748] [INFO] - studio.logger(common_log:178) - 完成执行[脚本] [example4_5_2] [OK]
[2022-09-15 16:14:26,817] [INFO] - studio.logger(common_log:178) - 结束机器人
[2022-09-15 16:14:26,818] [INFO] - __main__.antrobot(<module>:118) - robot finished
