[2022-09-13 20:31:19,277] [INFO] - studio.logger(common_log:178) - 启动机器人 3.0.0
[2022-09-13 20:31:19,306] [INFO] - studio.logger(common_log:178) - 开始执行[脚本] [example4_3_1]
[2022-09-13 20:31:19,372] [INFO] - com.huawei.antrobot.utils.communication.communication(is_available_service:67) - test service: password******ully
[2022-09-13 20:31:19,373] [INFO] - worker.robot.robot(__set_service_running:157) - service started for password******encrypt******decrypt******
[2022-09-13 20:31:19,541] [INFO] - com.huawei.antrobot.parser.input_parser.input_parser(get_input_variables_or_excel_data:67) - run with variables.json file
[2022-09-13 20:31:19,542] [INFO] - com.huawei.antrobot.parser.input_parser.input_parser(parse_parameters_json:123) - run with parameters.json file
[2022-09-13 20:31:19,542] [INFO] - com.huawei.antrobot.framework.decryption.password_util.password_util(parse_json_file:48) - begin to parse parameters.json file
[2022-09-13 20:31:19,542] [INFO] - com.huawei.antrobot.framework.decryption.password_util.password_util(parse_decrypt_json_data_to_list:66) - begin to parse parameters.json data to context
[2022-09-13 20:31:19,545] [INFO] - worker.robot.robot(run:123) - run robot with variables.json or excel data
[2022-09-13 20:31:19,545] [INFO] - com.huawei.antrobot.parser.xml2model.xml2model(parse:109) - Begin parse xml file
[2022-09-13 20:31:19,626] [INFO] - com.huawei.antrobot.logging.log_output.log_output(log_output_start_end:150) - start running logic: robot line:0 [None] in playbackScript.xml
[2022-09-13 20:31:19,627] [INFO] - com.huawei.antrobot.logging.log_output.log_output(log_output_start_end:150) - start running action: assign line:4 [变量赋值] in playbackScript.xml
[2022-09-13 20:31:19,696] [INFO] - com.huawei.antrobot.logging.log_output.log_output(log_output_start_end:150) - end running action: assign line:4 [变量赋值] in playbackScript.xml with result:True
[2022-09-13 20:31:19,696] [INFO] - studio.logger(common_log:178) - 完成执行[原子命令] [playbackScript.xml 第4行] 变量赋值 [变量赋值] [OK]
[2022-09-13 20:31:19,697] [INFO] - com.huawei.antrobot.logging.log_output.log_output(log_output_start_end:150) - start running action: messageBox line:11 [消息窗口] in playbackScript.xml
[2022-09-13 20:31:36,623] [INFO] - com.huawei.antrobot.logging.log_output.log_output(log_output_start_end:150) - end running action: messageBox line:11 [消息窗口] in playbackScript.xml with result:True
[2022-09-13 20:31:36,624] [INFO] - studio.logger(common_log:178) - 完成执行[原子命令] [playbackScript.xml 第11行] 消息窗口 [消息窗口] [OK]
[2022-09-13 20:31:36,625] [INFO] - com.huawei.antrobot.logging.log_output.log_output(log_output_start_end:150) - end running logic: robot line:0 [None] in playbackScript.xml with result:True
[2022-09-13 20:31:36,626] [INFO] - studio.logger(common_log:178) - 完成执行[脚本] [example4_3_1] [OK]
[2022-09-13 20:31:36,673] [INFO] - studio.logger(common_log:178) - 结束机器人
[2022-09-13 20:31:36,674] [INFO] - __main__.antrobot(<module>:118) - robot finished
