[2022-09-13 20:38:46,788] [INFO] - studio.logger(common_log:178) - 启动机器人 3.0.0
[2022-09-13 20:38:46,793] [INFO] - studio.logger(common_log:178) - 开始执行[脚本] [example4_3_5]
[2022-09-13 20:38:46,842] [INFO] - com.huawei.antrobot.utils.communication.communication(is_available_service:67) - test service: password******ully
[2022-09-13 20:38:46,842] [INFO] - worker.robot.robot(__set_service_running:157) - service started for password******encrypt******decrypt******
[2022-09-13 20:38:47,071] [INFO] - com.huawei.antrobot.parser.input_parser.input_parser(get_input_variables_or_excel_data:67) - run with variables.json file
[2022-09-13 20:38:47,072] [INFO] - com.huawei.antrobot.parser.input_parser.input_parser(parse_parameters_json:123) - run with parameters.json file
[2022-09-13 20:38:47,073] [INFO] - com.huawei.antrobot.framework.decryption.password_util.password_util(parse_json_file:48) - begin to parse parameters.json file
[2022-09-13 20:38:47,073] [INFO] - com.huawei.antrobot.framework.decryption.password_util.password_util(parse_decrypt_json_data_to_list:66) - begin to parse parameters.json data to context
[2022-09-13 20:38:47,076] [INFO] - worker.robot.robot(run:123) - run robot with variables.json or excel data
[2022-09-13 20:38:47,077] [INFO] - com.huawei.antrobot.parser.xml2model.xml2model(parse:109) - Begin parse xml file
[2022-09-13 20:38:47,163] [INFO] - com.huawei.antrobot.logging.log_output.log_output(log_output_start_end:150) - start running logic: robot line:0 [None] in playbackScript.xml
[2022-09-13 20:38:47,164] [INFO] - com.huawei.antrobot.logging.log_output.log_output(log_output_start_end:150) - start running action: assign line:4 [变量赋值] in playbackScript.xml
[2022-09-13 20:38:47,249] [INFO] - com.huawei.antrobot.logging.log_output.log_output(log_output_start_end:150) - end running action: assign line:4 [变量赋值] in playbackScript.xml with result:True
[2022-09-13 20:38:47,249] [INFO] - studio.logger(common_log:178) - 完成执行[原子命令] [playbackScript.xml 第4行] 变量赋值 [变量赋值] [OK]
[2022-09-13 20:38:47,250] [INFO] - com.huawei.antrobot.logging.log_output.log_output(log_output_start_end:150) - start running action: messageBox line:11 [消息窗口] in playbackScript.xml
[2022-09-13 20:38:48,437] [INFO] - com.huawei.antrobot.logging.log_output.log_output(log_output_start_end:150) - end running action: messageBox line:11 [消息窗口] in playbackScript.xml with result:True
[2022-09-13 20:38:48,437] [INFO] - studio.logger(common_log:178) - 完成执行[原子命令] [playbackScript.xml 第11行] 消息窗口 [消息窗口] [OK]
[2022-09-13 20:38:48,438] [INFO] - com.huawei.antrobot.logging.log_output.log_output(log_output_start_end:150) - start running action: exec.statement line:17 [执行python语句] in playbackScript.xml
[2022-09-13 20:38:48,445] [INFO] - com.huawei.antrobot.logging.log_output.log_output(log_output_start_end:150) - end running action: exec.statement line:17 [执行python语句] in playbackScript.xml with result:True
[2022-09-13 20:38:48,447] [INFO] - studio.logger(common_log:178) - 完成执行[原子命令] [playbackScript.xml 第17行] 执行python语句 [执行python语句] [OK]
[2022-09-13 20:38:48,448] [INFO] - com.huawei.antrobot.logging.log_output.log_output(log_output_start_end:150) - start running action: messageBox line:25 [消息窗口] in playbackScript.xml
[2022-09-13 20:38:49,295] [INFO] - com.huawei.antrobot.logging.log_output.log_output(log_output_start_end:150) - end running action: messageBox line:25 [消息窗口] in playbackScript.xml with result:True
[2022-09-13 20:38:49,296] [INFO] - studio.logger(common_log:178) - 完成执行[原子命令] [playbackScript.xml 第25行] 消息窗口 [消息窗口] [OK]
[2022-09-13 20:38:49,297] [INFO] - com.huawei.antrobot.logging.log_output.log_output(log_output_start_end:150) - end running logic: robot line:0 [None] in playbackScript.xml with result:True
[2022-09-13 20:38:49,297] [INFO] - studio.logger(common_log:178) - 完成执行[脚本] [example4_3_5] [OK]
[2022-09-13 20:38:49,315] [INFO] - studio.logger(common_log:178) - 结束机器人
[2022-09-13 20:38:49,316] [INFO] - __main__.antrobot(<module>:118) - robot finished
